Building DAG of jobs...
Using shell: /usr/bin/bash
Provided cores: 1 (use --cores to define parallelism)
Rules claiming more threads will be scaled down.
Job counts:
	count	jobs
	1	all
	113	rename
	114

[Sat Oct 24 17:51:31 2020]
rule rename:
    output: output/SRR584134/SRA/SRR584134.sra
    jobid: 73
    wildcards: sample=SRR584134

[Sat Oct 24 17:51:31 2020]
Error in rule rename:
    jobid: 73
    output: output/SRR584134/SRA/SRR584134.sra
    shell:
        mv output/SRR584134/SRA/SRR584134 output/SRR584134/SRA/SRR584134.sra
        (one of the commands exited with non-zero exit code; note that snakemake uses bash strict mode!)

Shutting down, this might take some time.
Exiting because a job execution failed. Look above for error message
Complete log: /data/gpfs/assoc/pgl/Froi/data/RNASeq_CSSI/RNASeq_CSSI_w_sraDownloader16T/.snakemake/log/2020-10-24T175131.085448.snakemake.log
