Building DAG of jobs...
Using shell: /usr/bin/bash
Provided cluster nodes: 50
Job counts:
	count	jobs
	1	all
	11	fastqdump
	12	trimming
	24

[Fri Oct 23 19:43:48 2020]
Job 6: -~- Converting sra to fastq files... -~-

parallel-fastq-dump --sra-id output/SRR446033/SRA/SRR446033.sra --threads 16 -O output/SRR446033/RAW/ --split-files --gzip --skip-technical  --readids --read-filter pass --dumpbase
Submitted job 6 with external jobid '2547909'.

[Fri Oct 23 19:43:48 2020]
Job 7: -~- Converting sra to fastq files... -~-

parallel-fastq-dump --sra-id output/SRR446028/SRA/SRR446028.sra --threads 16 -O output/SRR446028/RAW/ --split-files --gzip --skip-technical  --readids --read-filter pass --dumpbase
Submitted job 7 with external jobid '2547910'.

[Fri Oct 23 19:43:48 2020]
Job 11: -~- Converting sra to fastq files... -~-

parallel-fastq-dump --sra-id output/SRR1105822/SRA/SRR1105822.sra --threads 16 -O output/SRR1105822/RAW/ --split-files --gzip --skip-technical  --readids --read-filter pass --dumpbase
Submitted job 11 with external jobid '2547911'.

[Fri Oct 23 19:43:48 2020]
Job 2: -~- Converting sra to fastq files... -~-

parallel-fastq-dump --sra-id output/SRR764885/SRA/SRR764885.sra --threads 16 -O output/SRR764885/RAW/ --split-files --gzip --skip-technical  --readids --read-filter pass --dumpbase
Submitted job 2 with external jobid '2547912'.

[Fri Oct 23 19:43:48 2020]
Job 9: -~- Converting sra to fastq files... -~-

parallel-fastq-dump --sra-id output/SRR1261509/SRA/SRR1261509.sra --threads 16 -O output/SRR1261509/RAW/ --split-files --gzip --skip-technical  --readids --read-filter pass --dumpbase
Submitted job 9 with external jobid '2547913'.

[Fri Oct 23 19:43:48 2020]
Job 15: -~- Trimming fastq files... -~-

Submitted job 15 with external jobid '2547914'.

[Fri Oct 23 19:43:48 2020]
Job 5: -~- Converting sra to fastq files... -~-

parallel-fastq-dump --sra-id output/SRR446034/SRA/SRR446034.sra --threads 16 -O output/SRR446034/RAW/ --split-files --gzip --skip-technical  --readids --read-filter pass --dumpbase
Submitted job 5 with external jobid '2547915'.

[Fri Oct 23 19:43:48 2020]
Job 8: -~- Converting sra to fastq files... -~-

parallel-fastq-dump --sra-id output/SRR446027/SRA/SRR446027.sra --threads 16 -O output/SRR446027/RAW/ --split-files --gzip --skip-technical  --readids --read-filter pass --dumpbase
Submitted job 8 with external jobid '2547916'.

[Fri Oct 23 19:43:48 2020]
Job 4: -~- Converting sra to fastq files... -~-

parallel-fastq-dump --sra-id output/SRR446039/SRA/SRR446039.sra --threads 16 -O output/SRR446039/RAW/ --split-files --gzip --skip-technical  --readids --read-filter pass --dumpbase
Submitted job 4 with external jobid '2547917'.

[Fri Oct 23 19:43:49 2020]
Job 10: -~- Converting sra to fastq files... -~-

parallel-fastq-dump --sra-id output/SRR1105823/SRA/SRR1105823.sra --threads 16 -O output/SRR1105823/RAW/ --split-files --gzip --skip-technical  --readids --read-filter pass --dumpbase
Submitted job 10 with external jobid '2547918'.

[Fri Oct 23 19:43:49 2020]
Job 1: -~- Converting sra to fastq files... -~-

parallel-fastq-dump --sra-id output/SRR934391/SRA/SRR934391.sra --threads 16 -O output/SRR934391/RAW/ --split-files --gzip --skip-technical  --readids --read-filter pass --dumpbase
Submitted job 1 with external jobid '2547919'.

[Fri Oct 23 19:43:49 2020]
Job 12: -~- Converting sra to fastq files... -~-

parallel-fastq-dump --sra-id output/SRR1019221/SRA/SRR1019221.sra --threads 16 -O output/SRR1019221/RAW/ --split-files --gzip --skip-technical  --readids --read-filter pass --dumpbase
Submitted job 12 with external jobid '2547920'.
[Fri Oct 23 19:44:00 2020]
Error in rule fastqdump:
    jobid: 6
    output: output/SRR446033/RAW/SRR446033_pass_1.fastq.gz, output/SRR446033/RAW/SRR446033_pass_2.fastq.gz
    shell:
        parallel-fastq-dump --sra-id output/SRR446033/SRA/SRR446033.sra --threads 16 -O output/SRR446033/RAW/ --split-files --gzip --skip-technical  --readids --read-filter pass --dumpbase
        (one of the commands exited with non-zero exit code; note that snakemake uses bash strict mode!)
    cluster_jobid: 2547909

Error executing rule fastqdump on cluster (jobid: 6, external: 2547909, jobscript: /data/gpfs/assoc/pgl/Froi/data/RNASeq_CSSI/RNASeq_CSSI_w_sraDownloader16T/.snakemake/tmp.9je99ntq/snakejob.fastqdump.6.sh). For error details see the cluster log and the log files of the involved rule(s).
[Fri Oct 23 19:44:03 2020]
Error in rule fastqdump:
    jobid: 7
    output: output/SRR446028/RAW/SRR446028_pass_1.fastq.gz, output/SRR446028/RAW/SRR446028_pass_2.fastq.gz
    shell:
        parallel-fastq-dump --sra-id output/SRR446028/SRA/SRR446028.sra --threads 16 -O output/SRR446028/RAW/ --split-files --gzip --skip-technical  --readids --read-filter pass --dumpbase
        (one of the commands exited with non-zero exit code; note that snakemake uses bash strict mode!)
    cluster_jobid: 2547910

Error executing rule fastqdump on cluster (jobid: 7, external: 2547910, jobscript: /data/gpfs/assoc/pgl/Froi/data/RNASeq_CSSI/RNASeq_CSSI_w_sraDownloader16T/.snakemake/tmp.9je99ntq/snakejob.fastqdump.7.sh). For error details see the cluster log and the log files of the involved rule(s).
[Fri Oct 23 19:44:05 2020]
Error in rule fastqdump:
    jobid: 11
    output: output/SRR1105822/RAW/SRR1105822_pass_1.fastq.gz, output/SRR1105822/RAW/SRR1105822_pass_2.fastq.gz
    shell:
        parallel-fastq-dump --sra-id output/SRR1105822/SRA/SRR1105822.sra --threads 16 -O output/SRR1105822/RAW/ --split-files --gzip --skip-technical  --readids --read-filter pass --dumpbase
        (one of the commands exited with non-zero exit code; note that snakemake uses bash strict mode!)
    cluster_jobid: 2547911

Error executing rule fastqdump on cluster (jobid: 11, external: 2547911, jobscript: /data/gpfs/assoc/pgl/Froi/data/RNASeq_CSSI/RNASeq_CSSI_w_sraDownloader16T/.snakemake/tmp.9je99ntq/snakejob.fastqdump.11.sh). For error details see the cluster log and the log files of the involved rule(s).
[Fri Oct 23 19:44:07 2020]
Error in rule fastqdump:
    jobid: 2
    output: output/SRR764885/RAW/SRR764885_pass_1.fastq.gz, output/SRR764885/RAW/SRR764885_pass_2.fastq.gz
    shell:
        parallel-fastq-dump --sra-id output/SRR764885/SRA/SRR764885.sra --threads 16 -O output/SRR764885/RAW/ --split-files --gzip --skip-technical  --readids --read-filter pass --dumpbase
        (one of the commands exited with non-zero exit code; note that snakemake uses bash strict mode!)
    cluster_jobid: 2547912

Error executing rule fastqdump on cluster (jobid: 2, external: 2547912, jobscript: /data/gpfs/assoc/pgl/Froi/data/RNASeq_CSSI/RNASeq_CSSI_w_sraDownloader16T/.snakemake/tmp.9je99ntq/snakejob.fastqdump.2.sh). For error details see the cluster log and the log files of the involved rule(s).
Terminating processes on user request, this might take some time.
Will exit after finishing currently running jobs.
Complete log: /data/gpfs/assoc/pgl/Froi/data/RNASeq_CSSI/RNASeq_CSSI_w_sraDownloader16T/.snakemake/log/2020-10-23T194346.657421.snakemake.log
