The flag 'directory' used in rule moveSRA is only valid for outputs, not inputs.
Building DAG of jobs...
Using shell: /usr/bin/bash
Provided cluster nodes: 50
Job counts:
	count	jobs
	1	TPM
	1	all
	1	diffexpr
	12	fastqdump
	12	mapping
	1	readscount
	1	rundeg
	12	trimming
	41

[Sat Oct 24 17:48:55 2020]
Job 9: -~- Converting sra to fastq files... -~-

parallel-fastq-dump --sra-id output/SRR1261509/SRA/SRR1261509.sra --threads 16 -O output/SRR1261509/RAW/ --split-files --gzip --skip-technical  --readids --read-filter pass --dumpbase
Submitted job 9 with external jobid '2548125'.

[Sat Oct 24 17:48:55 2020]
Job 5: -~- Converting sra to fastq files... -~-

parallel-fastq-dump --sra-id output/SRR446034/SRA/SRR446034.sra --threads 16 -O output/SRR446034/RAW/ --split-files --gzip --skip-technical  --readids --read-filter pass --dumpbase
Submitted job 5 with external jobid '2548126'.

[Sat Oct 24 17:48:55 2020]
Job 12: -~- Converting sra to fastq files... -~-

parallel-fastq-dump --sra-id output/SRR1019221/SRA/SRR1019221.sra --threads 16 -O output/SRR1019221/RAW/ --split-files --gzip --skip-technical  --readids --read-filter pass --dumpbase
Submitted job 12 with external jobid '2548127'.

[Sat Oct 24 17:48:55 2020]
Job 2: -~- Converting sra to fastq files... -~-

parallel-fastq-dump --sra-id output/SRR764885/SRA/SRR764885.sra --threads 16 -O output/SRR764885/RAW/ --split-files --gzip --skip-technical  --readids --read-filter pass --dumpbase
Submitted job 2 with external jobid '2548128'.

[Sat Oct 24 17:48:55 2020]
Job 4: -~- Converting sra to fastq files... -~-

parallel-fastq-dump --sra-id output/SRR446039/SRA/SRR446039.sra --threads 16 -O output/SRR446039/RAW/ --split-files --gzip --skip-technical  --readids --read-filter pass --dumpbase
Submitted job 4 with external jobid '2548129'.

[Sat Oct 24 17:48:55 2020]
Job 1: -~- Converting sra to fastq files... -~-

parallel-fastq-dump --sra-id output/SRR934391/SRA/SRR934391.sra --threads 16 -O output/SRR934391/RAW/ --split-files --gzip --skip-technical  --readids --read-filter pass --dumpbase
Submitted job 1 with external jobid '2548130'.

[Sat Oct 24 17:48:55 2020]
Job 10: -~- Converting sra to fastq files... -~-

parallel-fastq-dump --sra-id output/SRR1105823/SRA/SRR1105823.sra --threads 16 -O output/SRR1105823/RAW/ --split-files --gzip --skip-technical  --readids --read-filter pass --dumpbase
Submitted job 10 with external jobid '2548131'.

[Sat Oct 24 17:48:55 2020]
Job 3: -~- Converting sra to fastq files... -~-

parallel-fastq-dump --sra-id output/SRR446040/SRA/SRR446040.sra --threads 16 -O output/SRR446040/RAW/ --split-files --gzip --skip-technical  --readids --read-filter pass --dumpbase
Submitted job 3 with external jobid '2548132'.

[Sat Oct 24 17:48:55 2020]
Job 8: -~- Converting sra to fastq files... -~-

parallel-fastq-dump --sra-id output/SRR446027/SRA/SRR446027.sra --threads 16 -O output/SRR446027/RAW/ --split-files --gzip --skip-technical  --readids --read-filter pass --dumpbase
Submitted job 8 with external jobid '2548133'.

[Sat Oct 24 17:48:55 2020]
Job 6: -~- Converting sra to fastq files... -~-

parallel-fastq-dump --sra-id output/SRR446033/SRA/SRR446033.sra --threads 16 -O output/SRR446033/RAW/ --split-files --gzip --skip-technical  --readids --read-filter pass --dumpbase
Submitted job 6 with external jobid '2548134'.

[Sat Oct 24 17:48:55 2020]
Job 11: -~- Converting sra to fastq files... -~-

parallel-fastq-dump --sra-id output/SRR1105822/SRA/SRR1105822.sra --threads 16 -O output/SRR1105822/RAW/ --split-files --gzip --skip-technical  --readids --read-filter pass --dumpbase
Submitted job 11 with external jobid '2548135'.

[Sat Oct 24 17:48:55 2020]
Job 7: -~- Converting sra to fastq files... -~-

parallel-fastq-dump --sra-id output/SRR446028/SRA/SRR446028.sra --threads 16 -O output/SRR446028/RAW/ --split-files --gzip --skip-technical  --readids --read-filter pass --dumpbase
Submitted job 7 with external jobid '2548136'.
[Sat Oct 24 17:49:07 2020]
Error in rule fastqdump:
    jobid: 9
    output: output/SRR1261509/RAW/SRR1261509_pass_1.fastq.gz, output/SRR1261509/RAW/SRR1261509_pass_2.fastq.gz
    shell:
        parallel-fastq-dump --sra-id output/SRR1261509/SRA/SRR1261509.sra --threads 16 -O output/SRR1261509/RAW/ --split-files --gzip --skip-technical  --readids --read-filter pass --dumpbase
        (one of the commands exited with non-zero exit code; note that snakemake uses bash strict mode!)
    cluster_jobid: 2548125

Error executing rule fastqdump on cluster (jobid: 9, external: 2548125, jobscript: /data/gpfs/assoc/pgl/Froi/data/RNASeq_CSSI/RNASeq_CSSI_w_sraDownloader16T/.snakemake/tmp.j956m434/snakejob.fastqdump.9.sh). For error details see the cluster log and the log files of the involved rule(s).
[Sat Oct 24 17:49:09 2020]
Error in rule fastqdump:
    jobid: 5
    output: output/SRR446034/RAW/SRR446034_pass_1.fastq.gz, output/SRR446034/RAW/SRR446034_pass_2.fastq.gz
    shell:
        parallel-fastq-dump --sra-id output/SRR446034/SRA/SRR446034.sra --threads 16 -O output/SRR446034/RAW/ --split-files --gzip --skip-technical  --readids --read-filter pass --dumpbase
        (one of the commands exited with non-zero exit code; note that snakemake uses bash strict mode!)
    cluster_jobid: 2548126

Error executing rule fastqdump on cluster (jobid: 5, external: 2548126, jobscript: /data/gpfs/assoc/pgl/Froi/data/RNASeq_CSSI/RNASeq_CSSI_w_sraDownloader16T/.snakemake/tmp.j956m434/snakejob.fastqdump.5.sh). For error details see the cluster log and the log files of the involved rule(s).
[Sat Oct 24 17:49:12 2020]
Error in rule fastqdump:
    jobid: 12
    output: output/SRR1019221/RAW/SRR1019221_pass_1.fastq.gz, output/SRR1019221/RAW/SRR1019221_pass_2.fastq.gz
    shell:
        parallel-fastq-dump --sra-id output/SRR1019221/SRA/SRR1019221.sra --threads 16 -O output/SRR1019221/RAW/ --split-files --gzip --skip-technical  --readids --read-filter pass --dumpbase
        (one of the commands exited with non-zero exit code; note that snakemake uses bash strict mode!)
    cluster_jobid: 2548127

Error executing rule fastqdump on cluster (jobid: 12, external: 2548127, jobscript: /data/gpfs/assoc/pgl/Froi/data/RNASeq_CSSI/RNASeq_CSSI_w_sraDownloader16T/.snakemake/tmp.j956m434/snakejob.fastqdump.12.sh). For error details see the cluster log and the log files of the involved rule(s).
Terminating processes on user request, this might take some time.
Will exit after finishing currently running jobs.
Complete log: /data/gpfs/assoc/pgl/Froi/data/RNASeq_CSSI/RNASeq_CSSI_w_sraDownloader16T/.snakemake/log/2020-10-24T174854.119322.snakemake.log
