The flag 'directory' used in rule moveSRA is only valid for outputs, not inputs.
Building DAG of jobs...
Using shell: /usr/bin/bash
Provided cores: 1 (use --cores to define parallelism)
Rules claiming more threads will be scaled down.
Job counts:
	count	jobs
	1	all
	12	moveSRA
	13

[Sat Oct 24 17:47:50 2020]
Job 3: ~-~ Moving sra files to respective folders... ~-~

[Sat Oct 24 17:47:50 2020]
Finished job 3.
1 of 13 steps (8%) done

[Sat Oct 24 17:47:50 2020]
Job 7: ~-~ Moving sra files to respective folders... ~-~

[Sat Oct 24 17:47:50 2020]
Finished job 7.
2 of 13 steps (15%) done

[Sat Oct 24 17:47:50 2020]
Job 10: ~-~ Moving sra files to respective folders... ~-~

[Sat Oct 24 17:47:50 2020]
Finished job 10.
3 of 13 steps (23%) done

[Sat Oct 24 17:47:50 2020]
Job 6: ~-~ Moving sra files to respective folders... ~-~

[Sat Oct 24 17:47:50 2020]
Finished job 6.
4 of 13 steps (31%) done

[Sat Oct 24 17:47:50 2020]
Job 11: ~-~ Moving sra files to respective folders... ~-~

[Sat Oct 24 17:47:50 2020]
Finished job 11.
5 of 13 steps (38%) done

[Sat Oct 24 17:47:50 2020]
Job 9: ~-~ Moving sra files to respective folders... ~-~

[Sat Oct 24 17:47:50 2020]
Finished job 9.
6 of 13 steps (46%) done

[Sat Oct 24 17:47:50 2020]
Job 12: ~-~ Moving sra files to respective folders... ~-~

[Sat Oct 24 17:47:50 2020]
Finished job 12.
7 of 13 steps (54%) done

[Sat Oct 24 17:47:50 2020]
Job 5: ~-~ Moving sra files to respective folders... ~-~

[Sat Oct 24 17:47:50 2020]
Finished job 5.
8 of 13 steps (62%) done

[Sat Oct 24 17:47:50 2020]
Job 8: ~-~ Moving sra files to respective folders... ~-~

[Sat Oct 24 17:47:50 2020]
Finished job 8.
9 of 13 steps (69%) done

[Sat Oct 24 17:47:50 2020]
Job 4: ~-~ Moving sra files to respective folders... ~-~

[Sat Oct 24 17:47:50 2020]
Finished job 4.
10 of 13 steps (77%) done

[Sat Oct 24 17:47:51 2020]
Job 1: ~-~ Moving sra files to respective folders... ~-~

[Sat Oct 24 17:47:51 2020]
Finished job 1.
11 of 13 steps (85%) done

[Sat Oct 24 17:47:51 2020]
Job 2: ~-~ Moving sra files to respective folders... ~-~

[Sat Oct 24 17:47:51 2020]
Finished job 2.
12 of 13 steps (92%) done

[Sat Oct 24 17:47:51 2020]
localrule all:
    input: output/SRR934391/SRA/SRR934391, output/SRR764885/SRA/SRR764885, output/SRR446040/SRA/SRR446040, output/SRR446039/SRA/SRR446039, output/SRR446034/SRA/SRR446034, output/SRR446033/SRA/SRR446033, output/SRR446028/SRA/SRR446028, output/SRR446027/SRA/SRR446027, output/SRR1261509/SRA/SRR1261509, output/SRR1105823/SRA/SRR1105823, output/SRR1105822/SRA/SRR1105822, output/SRR1019221/SRA/SRR1019221
    jobid: 0

[Sat Oct 24 17:47:51 2020]
Finished job 0.
13 of 13 steps (100%) done
Complete log: /data/gpfs/assoc/pgl/Froi/data/RNASeq_CSSI/RNASeq_CSSI_w_sraDownloader16T/.snakemake/log/2020-10-24T174748.183351.snakemake.log
